  mainplay.cpp
c:\visual studio program\play\play\mainplay.cpp(56): warning C4244: аргумент: преобразование "float" в "T", возможна потеря данных
          with
          [
              T=int
          ]
c:\visual studio program\play\play\mainplay.cpp(64): warning C4551: в вызове функции отсутствует список аргументов
c:\visual studio program\play\play\mainplay.cpp(69): warning C4305: =: усечение из "double" в "float"
c:\visual studio program\play\play\mainplay.cpp(71): warning C4244: +=: преобразование "double" в "float", возможна потеря данных
c:\visual studio program\play\play\mainplay.cpp(74): warning C4244: аргумент: преобразование "float" в "T", возможна потеря данных
          with
          [
              T=int
          ]
c:\visual studio program\play\play\mainplay.cpp(79): warning C4305: =: усечение из "double" в "float"
c:\visual studio program\play\play\mainplay.cpp(81): warning C4244: +=: преобразование "double" в "float", возможна потеря данных
c:\visual studio program\play\play\mainplay.cpp(84): warning C4244: аргумент: преобразование "float" в "T", возможна потеря данных
          with
          [
              T=int
          ]
c:\visual studio program\play\play\mainplay.cpp(125): warning C4244: аргумент: преобразование "int" в "float", возможна потеря данных
c:\visual studio program\play\play\mainplay.cpp(127): warning C4244: =: преобразование "int" в "float", возможна потеря данных
c:\visual studio program\play\play\mainplay.cpp(129): warning C4244: аргумент: преобразование "float" в "T", возможна потеря данных
          with
          [
              T=int
          ]
c:\visual studio program\play\play\mainplay.cpp(130): warning C4305: =: усечение из "double" в "float"
c:\visual studio program\play\play\mainplay.cpp(193): warning C4244: аргумент: преобразование "int" в "float", возможна потеря данных
c:\visual studio program\play\play\mainplay.cpp(224): warning C4244: инициализация: преобразование "sf::Int64" в "float", возможна потеря данных
c:\visual studio program\play\play\mainplay.cpp(225): warning C4244: инициализация: преобразование "sf::Int64" в "float", возможна потеря данных
  Создание кода
  1 of 171 functions ( 0.6%) were compiled, the rest were copied from previous compilation.
    0 functions were new in current compilation
    8 functions had inline decision re-evaluated but remain unchanged
  Создание кода завершено
  play.vcxproj -> C:\Visual Studio program\play\Release\play.exe
